
> stuv1.0@0.1.0 storybook:build
> storybook build


â”Œ  Building storybook v10.2.7
â”‚
â—‡  Cleaning outputDir: storybook-static
â”‚
â—‡  Loading presets
â”‚
â—‡  Building manager..
â”‚
â–²  unable to find package.json for @mui/icons-material
â”‚
â—  Building preview..
â”‚
â–   Failed to build the preview
â”‚
â–   [38;2;241;97;97mError: Cannot find module 'ajv/dist/compile/codegen'
â”‚  Require stack:
â”‚  - ./node_modules/ajv-keywords/dist/definitions/typeof.js
â”‚  - ./node_modules/ajv-keywords/dist/keywords/typeof.js
â”‚  - ./node_modules/ajv-keywords/dist/keywords/index.js
â”‚  - ./node_modules/ajv-keywords/dist/index.js
â”‚  - ./node_modules/schema-utils/dist/validate.js
â”‚  - ./node_modules/schema-utils/dist/index.js
â”‚  - ./node_modules/webpack-dev-middleware/dist/index.js[39m
â”‚  at Module.<anonymous> (node:internal/modules/cjs/loader:1420:15)
â”‚  at ./node_modules/next/dist/server/require-hook.js:57:36
â”‚  at defaultResolveImpl (node:internal/modules/cjs/loader:1058:19)
â”‚  at resolveForCJSWithHooks (node:internal/modules/cjs/loader:1063:22)
â”‚  at Module._load (node:internal/modules/cjs/loader:1226:37)
â”‚  at TracingChannel.traceSync (node:diagnostics_channel:328:14)
â”‚  at wrapModuleLoad (node:internal/modules/cjs/loader:245:24)
â”‚  at Module.<anonymous> (node:internal/modules/cjs/loader:1503:12)
â”‚  at mod.require (./node_modules/next/dist/server/require-hook.js:68:28)
â”‚  at require (node:internal/modules/helpers:152:16)
â”‚
â—  Storybook collects completely anonymous usage telemetry. We use it to
â”‚  shape Storybook's roadmap and prioritize features. You can learn more,
â”‚  including how to opt out, at ]8;;https://storybook.js.org/telemetryhttps://storybook.js.org/telemetry]8;;
â”‚
â—  Copying static files: public at storybook-static
â”‚
â””  Storybook exited with an error

